{"/Users/jian10au/Desktop/projectCopy/backend/controllers/challengesController.js": {"path":"/Users/jian10au/Desktop/projectCopy/backend/controllers/challengesController.js","statementMap":{"0":{"start":{"line":1,"column":18},"end":{"line":1,"column":48}},"1":{"start":{"line":2,"column":17},"end":{"line":2,"column":45}},"2":{"start":{"line":4,"column":14},"end":{"line":11,"column":1}},"3":{"start":{"line":5,"column":4},"end":{"line":10,"column":5}},"4":{"start":{"line":6,"column":30},"end":{"line":6,"column":54}},"5":{"start":{"line":7,"column":8},"end":{"line":7,"column":32}},"6":{"start":{"line":9,"column":8},"end":{"line":9,"column":36}},"7":{"start":{"line":14,"column":15},"end":{"line":32,"column":1}},"8":{"start":{"line":15,"column":4},"end":{"line":31,"column":5}},"9":{"start":{"line":16,"column":21},"end":{"line":16,"column":29}},"10":{"start":{"line":17,"column":8},"end":{"line":17,"column":27}},"11":{"start":{"line":20,"column":24},"end":{"line":20,"column":53}},"12":{"start":{"line":26,"column":8},"end":{"line":26,"column":27}},"13":{"start":{"line":27,"column":8},"end":{"line":27,"column":37}},"14":{"start":{"line":28,"column":8},"end":{"line":28,"column":23}},"15":{"start":{"line":30,"column":8},"end":{"line":30,"column":36}},"16":{"start":{"line":34,"column":13},"end":{"line":41,"column":1}},"17":{"start":{"line":35,"column":4},"end":{"line":40,"column":5}},"18":{"start":{"line":36,"column":26},"end":{"line":36,"column":65}},"19":{"start":{"line":37,"column":8},"end":{"line":37,"column":28}},"20":{"start":{"line":39,"column":8},"end":{"line":39,"column":36}},"21":{"start":{"line":44,"column":15},"end":{"line":57,"column":1}},"22":{"start":{"line":45,"column":4},"end":{"line":56,"column":5}},"23":{"start":{"line":46,"column":29},"end":{"line":46,"column":68}},"24":{"start":{"line":47,"column":21},"end":{"line":47,"column":29}},"25":{"start":{"line":48,"column":8},"end":{"line":52,"column":9}},"26":{"start":{"line":49,"column":12},"end":{"line":49,"column":99}},"27":{"start":{"line":50,"column":12},"end":{"line":50,"column":41}},"28":{"start":{"line":51,"column":12},"end":{"line":51,"column":76}},"29":{"start":{"line":53,"column":8},"end":{"line":53,"column":31}},"30":{"start":{"line":55,"column":8},"end":{"line":55,"column":35}},"31":{"start":{"line":59,"column":16},"end":{"line":66,"column":1}},"32":{"start":{"line":60,"column":4},"end":{"line":65,"column":5}},"33":{"start":{"line":61,"column":8},"end":{"line":61,"column":55}},"34":{"start":{"line":62,"column":8},"end":{"line":62,"column":49}},"35":{"start":{"line":64,"column":8},"end":{"line":64,"column":35}},"36":{"start":{"line":68,"column":0},"end":{"line":74,"column":1}}},"fnMap":{"0":{"name":"(anonymous_0)","decl":{"start":{"line":4,"column":14},"end":{"line":4,"column":15}},"loc":{"start":{"line":4,"column":34},"end":{"line":11,"column":1}},"line":4},"1":{"name":"(anonymous_1)","decl":{"start":{"line":14,"column":15},"end":{"line":14,"column":16}},"loc":{"start":{"line":14,"column":34},"end":{"line":32,"column":1}},"line":14},"2":{"name":"(anonymous_2)","decl":{"start":{"line":34,"column":13},"end":{"line":34,"column":14}},"loc":{"start":{"line":34,"column":32},"end":{"line":41,"column":1}},"line":34},"3":{"name":"(anonymous_3)","decl":{"start":{"line":44,"column":15},"end":{"line":44,"column":16}},"loc":{"start":{"line":44,"column":34},"end":{"line":57,"column":1}},"line":44},"4":{"name":"(anonymous_4)","decl":{"start":{"line":59,"column":16},"end":{"line":59,"column":17}},"loc":{"start":{"line":59,"column":35},"end":{"line":66,"column":1}},"line":59}},"branchMap":{},"s":{"0":1,"1":1,"2":1,"3":1,"4":1,"5":1,"6":0,"7":1,"8":0,"9":0,"10":0,"11":0,"12":0,"13":0,"14":0,"15":0,"16":1,"17":0,"18":0,"19":0,"20":0,"21":1,"22":0,"23":0,"24":0,"25":0,"26":0,"27":0,"28":0,"29":0,"30":0,"31":1,"32":0,"33":0,"34":0,"35":0,"36":1},"f":{"0":1,"1":0,"2":0,"3":0,"4":0},"b":{},"_coverageSchema":"1a1c01bbd47fc00a2c39e90264f33305004495a9","hash":"1b8d69dca3c71c209030d9661fe8ac09cb46f99b"}
,"/Users/jian10au/Desktop/projectCopy/backend/models/Challenge.js": {"path":"/Users/jian10au/Desktop/projectCopy/backend/models/Challenge.js","statementMap":{"0":{"start":{"line":1,"column":17},"end":{"line":1,"column":36}},"1":{"start":{"line":2,"column":15},"end":{"line":2,"column":30}},"2":{"start":{"line":4,"column":24},"end":{"line":25,"column":2}},"3":{"start":{"line":27,"column":18},"end":{"line":27,"column":62}},"4":{"start":{"line":29,"column":0},"end":{"line":29,"column":27}}},"fnMap":{},"branchMap":{},"s":{"0":1,"1":1,"2":1,"3":1,"4":1},"f":{},"b":{},"_coverageSchema":"1a1c01bbd47fc00a2c39e90264f33305004495a9","hash":"25749b0ece3c97ac15f38614bc9b46cae9707ce0"}
,"/Users/jian10au/Desktop/projectCopy/backend/models/Feature.js": {"path":"/Users/jian10au/Desktop/projectCopy/backend/models/Feature.js","statementMap":{"0":{"start":{"line":1,"column":17},"end":{"line":1,"column":36}},"1":{"start":{"line":2,"column":15},"end":{"line":2,"column":30}},"2":{"start":{"line":4,"column":22},"end":{"line":24,"column":2}},"3":{"start":{"line":26,"column":16},"end":{"line":26,"column":56}},"4":{"start":{"line":28,"column":0},"end":{"line":28,"column":25}}},"fnMap":{},"branchMap":{},"s":{"0":1,"1":1,"2":1,"3":1,"4":1},"f":{},"b":{},"_coverageSchema":"1a1c01bbd47fc00a2c39e90264f33305004495a9","hash":"2ee13aaa0dd885014026b243cb624c7be1a17581"}
}
